<?xml version="1.0" encoding="UTF-8"?>
<!-- Generated by org.testng.reporters.JUnitReportReporter -->
<testsuite hostname="ChannakeshavaReddy" failures="0" tests="1" name="facebook.SignUpFacebook" time="5.610" errors="0" timestamp="2024-03-05T10:08:31 IST" skipped="0">
  <testcase classname="facebook.SignUpFacebook" name="channaTest" time="5.610"/>
</testsuite> <!-- facebook.SignUpFacebook -->
