<?xml version="1.0" encoding="UTF-8"?>
<!-- Generated by org.testng.reporters.JUnitReportReporter -->
<testsuite hostname="ChannakeshavaReddy" failures="0" tests="1" name="program.Test1" time="15.787" errors="0" timestamp="2024-03-05T10:07:38 IST" skipped="0">
  <testcase classname="program.Test1" name="runTest1" time="15.787"/>
</testsuite> <!-- program.Test1 -->
